Arguments: 
  A:\Program Files\nodejs\node.exe C:\Users\Ja\AppData\Roaming\npm\node_modules\@sanity\cli\vendor\yarn install --json --non-interactive --ignore-engines --network-timeout 60000 --registry https://registry.npmjs.org

PATH: 
  C:\Program Files\Common Files\Oracle\Java\javapath;C:\ProgramData\Oracle\Java\javapath;C:\Windows\system32;C:\Windows;C:\Windows\System32\Wbem;C:\Windows\System32\WindowsPowerShell\v1.0\;C:\Windows\System32\OpenSSH\;C:\Program Files (x86)\NVIDIA Corporation\PhysX\Common;C:\Program Files\NVIDIA Corporation\NVIDIA NvDLISR;C:\TDM-GCC-64\bin;C:\Program Files\dotnet\;C:\Program Files\Microsoft SQL Server\130\Tools\Binn\;C:\Program Files (x86)\QuickTime\QTSystem\;C:\WINDOWS\system32;C:\WINDOWS;C:\WINDOWS\System32\Wbem;C:\WINDOWS\System32\WindowsPowerShell\v1.0\;C:\WINDOWS\System32\OpenSSH\;C:\Program Files\PuTTY\;D:\programs\inkscape\bin;D:\programs\qt\5.15.0\mingw81_64\bin;C:\sqlite3;C:\ProgramData\ComposerSetup\bin;A:\programy\Git\cmd;A:\Program Files\nodejs\;C:\Gradle\gradle-7.2-bin\gradle-7.2\bin;C:\Program Files\MySQL\MySQL Shell 8.0\bin\;D:\Program Files (x86)\pycharm\PyCharm Community Edition 2019.2.3\bin;;C:\Users\Ja\AppData\Local\Programs\Python\Python38\;C:\Users\Ja\AppData\Local\Programs\Python\Python38\Scripts\;C:\Users\Ja\AppData\Local\Microsoft\WindowsApps;C:\Users\Ja\AppData\Local\Programs\Microsoft VS Code\bin;A:\xampp\php;C:\Users\Ja\AppData\Roaming\Composer\vendor\bin;C:\Users\Ja\AppData\Roaming\npm;A:\xampp\mysql\bin;C:\Users\Ja\AppData\Local\GitHubDesktop\bin;A:\xampp;D:\gry\Riot Games\Riot Client;C:\Users\Ja\.dotnet\tools;A:\phpstorm\PhpStorm 2021.3.2\bin;;A:\IntelliJ IDEA Community Edition 2022.1\bin;;;A:\WebStorm 2022.2.3\bin;

Yarn version: 
  1.22.17

Node version: 
  14.17.5

Platform: 
  win32 x64

Trace: 
  Error: read ECONNRESET
      at TLSWrap.onStreamRead (internal/stream_base_commons.js:209:20)

npm manifest: 
  {
    "name": "portfolio-react",
    "private": true,
    "version": "1.0.0",
    "description": "",
    "main": "package.json",
    "author": "Michał Szajner <michalszajner@wp.pl>",
    "license": "UNLICENSED",
    "scripts": {
      "start": "sanity start",
      "build": "sanity build"
    },
    "keywords": [
      "sanity"
    ],
    "dependencies": {
      "@sanity/base": "^2.35.0",
      "@sanity/core": "^2.35.0",
      "@sanity/default-layout": "^2.35.0",
      "@sanity/default-login": "^2.35.0",
      "@sanity/desk-tool": "^2.35.0",
      "@sanity/eslint-config-studio": "^2.0.0",
      "@sanity/vision": "^2.35.0",
      "eslint": "^8.6.0",
      "prop-types": "^15.7",
      "react": "^17.0",
      "react-dom": "^17.0",
      "styled-components": "^5.2.0"
    },
    "devDependencies": {}
  }

yarn manifest: 
  No manifest

Lockfile: 
  No lockfile
